<?xml version="1.0" encoding="UTF-8"?>
<testsuite name="com.admin.catalogo.application.UseCaseTest" tests="1" skipped="0" failures="0" errors="0" timestamp="2023-01-05T00:05:12" hostname="pc" time="0.292">
  <properties/>
  <testcase name="testCreateUseCase()" classname="com.admin.catalogo.application.UseCaseTest" time="0.292"/>
  <system-out><![CDATA[]]></system-out>
  <system-err><![CDATA[]]></system-err>
</testsuite>
