<?xml version="1.0" encoding="UTF-8"?>
<testsuite name="com.admin.catalogo.application.category.create.CreateCategoryUseCaseTest" tests="4" skipped="0" failures="0" errors="0" timestamp="2023-01-05T00:05:13" hostname="pc" time="0.1">
  <properties/>
  <testcase name="givenAValidComand_whenCallsCreateCategory_shouldReturnCategoryId()" classname="com.admin.catalogo.application.category.create.CreateCategoryUseCaseTest" time="0.088"/>
  <testcase name="givenAValidComand_whenGatewayTrhowsRandomException_shouldReturnAException()" classname="com.admin.catalogo.application.category.create.CreateCategoryUseCaseTest" time="0.006"/>
  <testcase name="givenAValidComandWithInactiveCategory_whenCallsCreateCategory_shouldReturnInactiveCategoryId()" classname="com.admin.catalogo.application.category.create.CreateCategoryUseCaseTest" time="0.003"/>
  <testcase name="givenAInvalidName_whenCallsCreateCategory_thenShouldReturnDomainException()" classname="com.admin.catalogo.application.category.create.CreateCategoryUseCaseTest" time="0.002"/>
  <system-out><![CDATA[]]></system-out>
  <system-err><![CDATA[]]></system-err>
</testsuite>
