<?xml version="1.0" encoding="UTF-8"?>
<testsuite name="com.admin.catalogo.application.category.retrieve.GetCategoryByIdUseCaseTest" tests="1" skipped="0" failures="0" errors="0" timestamp="2023-01-04T23:18:31" hostname="pc" time="0.368">
  <properties/>
  <testcase name="givenAValidId_whenTheGatewayThrowsException_shouldReturnException()" classname="com.admin.catalogo.application.category.retrieve.GetCategoryByIdUseCaseTest" time="0.368"/>
  <system-out><![CDATA[]]></system-out>
  <system-err><![CDATA[]]></system-err>
</testsuite>
