<?xml version="1.0" encoding="UTF-8"?>
<testsuite name="com.admin.catalogo.application.UseCaseTest" tests="1" skipped="0" failures="0" errors="0" timestamp="2022-11-27T14:57:29" hostname="pc" time="0.02">
  <properties/>
  <testcase name="testCreateUseCase()" classname="com.admin.catalogo.application.UseCaseTest" time="0.02"/>
  <system-out><![CDATA[]]></system-out>
  <system-err><![CDATA[]]></system-err>
</testsuite>
