<?xml version="1.0" encoding="UTF-8"?>
<testsuite name="com.admin.catalogo.application.category.delete.DeleteCategoryUseCaseIT" tests="3" skipped="0" failures="0" errors="0" timestamp="2023-01-17T22:15:00" hostname="pc" time="0.039">
  <properties/>
  <testcase name="givenAValidId_whenCallsDeleteCategory_shouldBeOK()" classname="com.admin.catalogo.application.category.delete.DeleteCategoryUseCaseIT" time="0.023"/>
  <testcase name="givenAnInvalidId_whenCallsDeleteCategory_shouldBeOK()" classname="com.admin.catalogo.application.category.delete.DeleteCategoryUseCaseIT" time="0.007"/>
  <testcase name="givenAValidId_whenGatewayThrowsException_shouldReturnException()" classname="com.admin.catalogo.application.category.delete.DeleteCategoryUseCaseIT" time="0.006"/>
  <system-out><![CDATA[2023-01-17 19:15:00.993  INFO 28453 --- [    Test worker] .b.t.c.SpringBootTestContextBootstrapper : Neither @ContextConfiguration nor @ContextHierarchy found for test class [com.admin.catalogo.application.category.delete.DeleteCategoryUseCaseIT], using SpringBootContextLoader
2023-01-17 19:15:00.993  INFO 28453 --- [    Test worker] o.s.t.c.support.AbstractContextLoader    : Could not detect default resource locations for test class [com.admin.catalogo.application.category.delete.DeleteCategoryUseCaseIT]: no resource found for suffixes {-context.xml, Context.groovy}.
2023-01-17 19:15:00.996  INFO 28453 --- [    Test worker] .b.t.c.SpringBootTestContextBootstrapper : Loaded default TestExecutionListener class names from location [META-INF/spring.factories]: [org.springframework.boot.test.autoconfigure.restdocs.RestDocsTestExecutionListener, org.springframework.boot.test.autoconfigure.web.client.MockRestServiceServerResetTestExecutionListener, org.springframework.boot.test.autoconfigure.web.servlet.MockMvcPrintOnlyOnFailureTestExecutionListener, org.springframework.boot.test.autoconfigure.web.servlet.WebDriverTestExecutionListener, org.springframework.boot.test.autoconfigure.webservices.client.MockWebServiceServerTestExecutionListener, org.springframework.boot.test.mock.mockito.MockitoTestExecutionListener, org.springframework.boot.test.mock.mockito.ResetMocksTestExecutionListener, org.springframework.test.context.web.ServletTestExecutionListener, org.springframework.test.context.support.DirtiesContextBeforeModesTestExecutionListener, org.springframework.test.context.event.ApplicationEventsTestExecutionListener, org.springframework.test.context.support.DependencyInjectionTestExecutionListener, org.springframework.test.context.support.DirtiesContextTestExecutionListener, org.springframework.test.context.transaction.TransactionalTestExecutionListener, org.springframework.test.context.jdbc.SqlScriptsTestExecutionListener, org.springframework.test.context.event.EventPublishingTestExecutionListener]
2023-01-17 19:15:00.996  INFO 28453 --- [    Test worker] .b.t.c.SpringBootTestContextBootstrapper : Using TestExecutionListeners: [org.springframework.test.context.web.ServletTestExecutionListener@2f0b5d79, org.springframework.test.context.support.DirtiesContextBeforeModesTestExecutionListener@1e186006, org.springframework.test.context.event.ApplicationEventsTestExecutionListener@761ea1f5, org.springframework.boot.test.mock.mockito.MockitoTestExecutionListener@f047670, org.springframework.boot.test.autoconfigure.SpringBootDependencyInjectionTestExecutionListener@7a91027c, org.springframework.test.context.support.DirtiesContextTestExecutionListener@27d44578, org.springframework.test.context.transaction.TransactionalTestExecutionListener@2446597e, org.springframework.test.context.jdbc.SqlScriptsTestExecutionListener@8dd0c70, org.springframework.test.context.event.EventPublishingTestExecutionListener@7aad7df5, org.springframework.boot.test.autoconfigure.restdocs.RestDocsTestExecutionListener@7fd7085d, org.springframework.boot.test.autoconfigure.web.client.MockRestServiceServerResetTestExecutionListener@69cc3370, org.springframework.boot.test.autoconfigure.web.servlet.MockMvcPrintOnlyOnFailureTestExecutionListener@9120cb5, org.springframework.boot.test.autoconfigure.web.servlet.WebDriverTestExecutionListener@18419ab7, org.springframework.boot.test.autoconfigure.webservices.client.MockWebServiceServerTestExecutionListener@5f93ec02, org.springframework.boot.test.mock.mockito.ResetMocksTestExecutionListener@57cc0333]
Hibernate: select categoryjp0_.id as id1_0_, categoryjp0_.active as active2_0_, categoryjp0_.created_at as created_3_0_, categoryjp0_.deleted_at as deleted_4_0_, categoryjp0_.description as descript5_0_, categoryjp0_.name as name6_0_, categoryjp0_.updated_at as updated_7_0_ from category categoryjp0_
Hibernate: select categoryjp0_.id as id1_0_0_, categoryjp0_.active as active2_0_0_, categoryjp0_.created_at as created_3_0_0_, categoryjp0_.deleted_at as deleted_4_0_0_, categoryjp0_.description as descript5_0_0_, categoryjp0_.name as name6_0_0_, categoryjp0_.updated_at as updated_7_0_0_ from category categoryjp0_ where categoryjp0_.id=?
Hibernate: insert into category (active, created_at, deleted_at, description, name, updated_at, id) values (?, ?, ?, ?, ?, ?, ?)
Hibernate: select count(*) as col_0_0_ from category categoryjp0_
Hibernate: select count(*) as col_0_0_ from category categoryjp0_ where categoryjp0_.id=?
Hibernate: select categoryjp0_.id as id1_0_0_, categoryjp0_.active as active2_0_0_, categoryjp0_.created_at as created_3_0_0_, categoryjp0_.deleted_at as deleted_4_0_0_, categoryjp0_.description as descript5_0_0_, categoryjp0_.name as name6_0_0_, categoryjp0_.updated_at as updated_7_0_0_ from category categoryjp0_ where categoryjp0_.id=?
Hibernate: delete from category where id=?
Hibernate: select count(*) as col_0_0_ from category categoryjp0_
Hibernate: select categoryjp0_.id as id1_0_, categoryjp0_.active as active2_0_, categoryjp0_.created_at as created_3_0_, categoryjp0_.deleted_at as deleted_4_0_, categoryjp0_.description as descript5_0_, categoryjp0_.name as name6_0_, categoryjp0_.updated_at as updated_7_0_ from category categoryjp0_
Hibernate: select count(*) as col_0_0_ from category categoryjp0_
Hibernate: select count(*) as col_0_0_ from category categoryjp0_ where categoryjp0_.id=?
Hibernate: select count(*) as col_0_0_ from category categoryjp0_
Hibernate: select categoryjp0_.id as id1_0_, categoryjp0_.active as active2_0_, categoryjp0_.created_at as created_3_0_, categoryjp0_.deleted_at as deleted_4_0_, categoryjp0_.description as descript5_0_, categoryjp0_.name as name6_0_, categoryjp0_.updated_at as updated_7_0_ from category categoryjp0_
]]></system-out>
  <system-err><![CDATA[]]></system-err>
</testsuite>
