<?xml version="1.0" encoding="UTF-8"?>
<testsuite name="com.admin.catalogo.application.category.update.UpdateCategoryUseCaseIT" tests="5" skipped="0" failures="0" errors="0" timestamp="2023-01-17T22:47:48" hostname="pc" time="0.057">
  <properties/>
  <testcase name="givenAValidInactivateCommand_whenCallsUpdateCategory_shouldReturnInactiveCategoryId()" classname="com.admin.catalogo.application.category.update.UpdateCategoryUseCaseIT" time="0.017"/>
  <testcase name="givenAValidCommand_whenCallsUpdateCategory_shouldReturnCategoryId()" classname="com.admin.catalogo.application.category.update.UpdateCategoryUseCaseIT" time="0.011"/>
  <testcase name="givenAValidComand_whenGatewayTrhowsRandomException_shouldReturnAException()" classname="com.admin.catalogo.application.category.update.UpdateCategoryUseCaseIT" time="0.01"/>
  <testcase name="givenACommandWithInvalidID_whenCallsUpdateCategory_thenShouldReturnNotFoundException()" classname="com.admin.catalogo.application.category.update.UpdateCategoryUseCaseIT" time="0.006"/>
  <testcase name="givenAInvalidName_whenCallsUpdateCategory_thenShouldReturnDomainException()" classname="com.admin.catalogo.application.category.update.UpdateCategoryUseCaseIT" time="0.007"/>
  <system-out><![CDATA[2023-01-17 19:47:48.789  INFO 33911 --- [    Test worker] .b.t.c.SpringBootTestContextBootstrapper : Neither @ContextConfiguration nor @ContextHierarchy found for test class [com.admin.catalogo.application.category.update.UpdateCategoryUseCaseIT], using SpringBootContextLoader
2023-01-17 19:47:48.790  INFO 33911 --- [    Test worker] o.s.t.c.support.AbstractContextLoader    : Could not detect default resource locations for test class [com.admin.catalogo.application.category.update.UpdateCategoryUseCaseIT]: no resource found for suffixes {-context.xml, Context.groovy}.
2023-01-17 19:47:48.792  INFO 33911 --- [    Test worker] .b.t.c.SpringBootTestContextBootstrapper : Loaded default TestExecutionListener class names from location [META-INF/spring.factories]: [org.springframework.boot.test.autoconfigure.restdocs.RestDocsTestExecutionListener, org.springframework.boot.test.autoconfigure.web.client.MockRestServiceServerResetTestExecutionListener, org.springframework.boot.test.autoconfigure.web.servlet.MockMvcPrintOnlyOnFailureTestExecutionListener, org.springframework.boot.test.autoconfigure.web.servlet.WebDriverTestExecutionListener, org.springframework.boot.test.autoconfigure.webservices.client.MockWebServiceServerTestExecutionListener, org.springframework.boot.test.mock.mockito.MockitoTestExecutionListener, org.springframework.boot.test.mock.mockito.ResetMocksTestExecutionListener, org.springframework.test.context.web.ServletTestExecutionListener, org.springframework.test.context.support.DirtiesContextBeforeModesTestExecutionListener, org.springframework.test.context.event.ApplicationEventsTestExecutionListener, org.springframework.test.context.support.DependencyInjectionTestExecutionListener, org.springframework.test.context.support.DirtiesContextTestExecutionListener, org.springframework.test.context.transaction.TransactionalTestExecutionListener, org.springframework.test.context.jdbc.SqlScriptsTestExecutionListener, org.springframework.test.context.event.EventPublishingTestExecutionListener]
2023-01-17 19:47:48.792  INFO 33911 --- [    Test worker] .b.t.c.SpringBootTestContextBootstrapper : Using TestExecutionListeners: [org.springframework.test.context.web.ServletTestExecutionListener@5d72dd86, org.springframework.test.context.support.DirtiesContextBeforeModesTestExecutionListener@70e560ef, org.springframework.test.context.event.ApplicationEventsTestExecutionListener@77228160, org.springframework.boot.test.mock.mockito.MockitoTestExecutionListener@19faa9dc, org.springframework.boot.test.autoconfigure.SpringBootDependencyInjectionTestExecutionListener@522fc988, org.springframework.test.context.support.DirtiesContextTestExecutionListener@996293a, org.springframework.test.context.transaction.TransactionalTestExecutionListener@6adc90e9, org.springframework.test.context.jdbc.SqlScriptsTestExecutionListener@26247027, org.springframework.test.context.event.EventPublishingTestExecutionListener@aeb8ee2, org.springframework.boot.test.autoconfigure.restdocs.RestDocsTestExecutionListener@320ca97c, org.springframework.boot.test.autoconfigure.web.client.MockRestServiceServerResetTestExecutionListener@3c592c0c, org.springframework.boot.test.autoconfigure.web.servlet.MockMvcPrintOnlyOnFailureTestExecutionListener@3979c6e8, org.springframework.boot.test.autoconfigure.web.servlet.WebDriverTestExecutionListener@6fb3d3bb, org.springframework.boot.test.autoconfigure.webservices.client.MockWebServiceServerTestExecutionListener@38a3c078, org.springframework.boot.test.mock.mockito.ResetMocksTestExecutionListener@4d6fa22c]
Hibernate: select categoryjp0_.id as id1_0_, categoryjp0_.active as active2_0_, categoryjp0_.created_at as created_3_0_, categoryjp0_.deleted_at as deleted_4_0_, categoryjp0_.description as descript5_0_, categoryjp0_.name as name6_0_, categoryjp0_.updated_at as updated_7_0_ from category categoryjp0_
Hibernate: delete from category where id=?
Hibernate: delete from category where id=?
Hibernate: delete from category where id=?
Hibernate: delete from category where id=?
Hibernate: delete from category where id=?
Hibernate: delete from category where id=?
Hibernate: delete from category where id=?
Hibernate: select categoryjp0_.id as id1_0_0_, categoryjp0_.active as active2_0_0_, categoryjp0_.created_at as created_3_0_0_, categoryjp0_.deleted_at as deleted_4_0_0_, categoryjp0_.description as descript5_0_0_, categoryjp0_.name as name6_0_0_, categoryjp0_.updated_at as updated_7_0_0_ from category categoryjp0_ where categoryjp0_.id=?
Hibernate: insert into category (active, created_at, deleted_at, description, name, updated_at, id) values (?, ?, ?, ?, ?, ?, ?)
Hibernate: select categoryjp0_.id as id1_0_0_, categoryjp0_.active as active2_0_0_, categoryjp0_.created_at as created_3_0_0_, categoryjp0_.deleted_at as deleted_4_0_0_, categoryjp0_.description as descript5_0_0_, categoryjp0_.name as name6_0_0_, categoryjp0_.updated_at as updated_7_0_0_ from category categoryjp0_ where categoryjp0_.id=?
Hibernate: select categoryjp0_.id as id1_0_0_, categoryjp0_.active as active2_0_0_, categoryjp0_.created_at as created_3_0_0_, categoryjp0_.deleted_at as deleted_4_0_0_, categoryjp0_.description as descript5_0_0_, categoryjp0_.name as name6_0_0_, categoryjp0_.updated_at as updated_7_0_0_ from category categoryjp0_ where categoryjp0_.id=?
Hibernate: update category set active=?, created_at=?, deleted_at=?, description=?, name=?, updated_at=? where id=?
Hibernate: select categoryjp0_.id as id1_0_0_, categoryjp0_.active as active2_0_0_, categoryjp0_.created_at as created_3_0_0_, categoryjp0_.deleted_at as deleted_4_0_0_, categoryjp0_.description as descript5_0_0_, categoryjp0_.name as name6_0_0_, categoryjp0_.updated_at as updated_7_0_0_ from category categoryjp0_ where categoryjp0_.id=?
Hibernate: select categoryjp0_.id as id1_0_, categoryjp0_.active as active2_0_, categoryjp0_.created_at as created_3_0_, categoryjp0_.deleted_at as deleted_4_0_, categoryjp0_.description as descript5_0_, categoryjp0_.name as name6_0_, categoryjp0_.updated_at as updated_7_0_ from category categoryjp0_
Hibernate: delete from category where id=?
Hibernate: select categoryjp0_.id as id1_0_0_, categoryjp0_.active as active2_0_0_, categoryjp0_.created_at as created_3_0_0_, categoryjp0_.deleted_at as deleted_4_0_0_, categoryjp0_.description as descript5_0_0_, categoryjp0_.name as name6_0_0_, categoryjp0_.updated_at as updated_7_0_0_ from category categoryjp0_ where categoryjp0_.id=?
Hibernate: insert into category (active, created_at, deleted_at, description, name, updated_at, id) values (?, ?, ?, ?, ?, ?, ?)
Hibernate: select count(*) as col_0_0_ from category categoryjp0_
Hibernate: select categoryjp0_.id as id1_0_0_, categoryjp0_.active as active2_0_0_, categoryjp0_.created_at as created_3_0_0_, categoryjp0_.deleted_at as deleted_4_0_0_, categoryjp0_.description as descript5_0_0_, categoryjp0_.name as name6_0_0_, categoryjp0_.updated_at as updated_7_0_0_ from category categoryjp0_ where categoryjp0_.id=?
Hibernate: select categoryjp0_.id as id1_0_0_, categoryjp0_.active as active2_0_0_, categoryjp0_.created_at as created_3_0_0_, categoryjp0_.deleted_at as deleted_4_0_0_, categoryjp0_.description as descript5_0_0_, categoryjp0_.name as name6_0_0_, categoryjp0_.updated_at as updated_7_0_0_ from category categoryjp0_ where categoryjp0_.id=?
Hibernate: update category set active=?, created_at=?, deleted_at=?, description=?, name=?, updated_at=? where id=?
Hibernate: select categoryjp0_.id as id1_0_0_, categoryjp0_.active as active2_0_0_, categoryjp0_.created_at as created_3_0_0_, categoryjp0_.deleted_at as deleted_4_0_0_, categoryjp0_.description as descript5_0_0_, categoryjp0_.name as name6_0_0_, categoryjp0_.updated_at as updated_7_0_0_ from category categoryjp0_ where categoryjp0_.id=?
Hibernate: select categoryjp0_.id as id1_0_, categoryjp0_.active as active2_0_, categoryjp0_.created_at as created_3_0_, categoryjp0_.deleted_at as deleted_4_0_, categoryjp0_.description as descript5_0_, categoryjp0_.name as name6_0_, categoryjp0_.updated_at as updated_7_0_ from category categoryjp0_
Hibernate: delete from category where id=?
Hibernate: select categoryjp0_.id as id1_0_0_, categoryjp0_.active as active2_0_0_, categoryjp0_.created_at as created_3_0_0_, categoryjp0_.deleted_at as deleted_4_0_0_, categoryjp0_.description as descript5_0_0_, categoryjp0_.name as name6_0_0_, categoryjp0_.updated_at as updated_7_0_0_ from category categoryjp0_ where categoryjp0_.id=?
Hibernate: insert into category (active, created_at, deleted_at, description, name, updated_at, id) values (?, ?, ?, ?, ?, ?, ?)
Hibernate: select categoryjp0_.id as id1_0_0_, categoryjp0_.active as active2_0_0_, categoryjp0_.created_at as created_3_0_0_, categoryjp0_.deleted_at as deleted_4_0_0_, categoryjp0_.description as descript5_0_0_, categoryjp0_.name as name6_0_0_, categoryjp0_.updated_at as updated_7_0_0_ from category categoryjp0_ where categoryjp0_.id=?
Hibernate: select categoryjp0_.id as id1_0_0_, categoryjp0_.active as active2_0_0_, categoryjp0_.created_at as created_3_0_0_, categoryjp0_.deleted_at as deleted_4_0_0_, categoryjp0_.description as descript5_0_0_, categoryjp0_.name as name6_0_0_, categoryjp0_.updated_at as updated_7_0_0_ from category categoryjp0_ where categoryjp0_.id=?
Hibernate: select categoryjp0_.id as id1_0_, categoryjp0_.active as active2_0_, categoryjp0_.created_at as created_3_0_, categoryjp0_.deleted_at as deleted_4_0_, categoryjp0_.description as descript5_0_, categoryjp0_.name as name6_0_, categoryjp0_.updated_at as updated_7_0_ from category categoryjp0_
Hibernate: delete from category where id=?
Hibernate: select categoryjp0_.id as id1_0_0_, categoryjp0_.active as active2_0_0_, categoryjp0_.created_at as created_3_0_0_, categoryjp0_.deleted_at as deleted_4_0_0_, categoryjp0_.description as descript5_0_0_, categoryjp0_.name as name6_0_0_, categoryjp0_.updated_at as updated_7_0_0_ from category categoryjp0_ where categoryjp0_.id=?
Hibernate: select categoryjp0_.id as id1_0_, categoryjp0_.active as active2_0_, categoryjp0_.created_at as created_3_0_, categoryjp0_.deleted_at as deleted_4_0_, categoryjp0_.description as descript5_0_, categoryjp0_.name as name6_0_, categoryjp0_.updated_at as updated_7_0_ from category categoryjp0_
Hibernate: select categoryjp0_.id as id1_0_0_, categoryjp0_.active as active2_0_0_, categoryjp0_.created_at as created_3_0_0_, categoryjp0_.deleted_at as deleted_4_0_0_, categoryjp0_.description as descript5_0_0_, categoryjp0_.name as name6_0_0_, categoryjp0_.updated_at as updated_7_0_0_ from category categoryjp0_ where categoryjp0_.id=?
Hibernate: insert into category (active, created_at, deleted_at, description, name, updated_at, id) values (?, ?, ?, ?, ?, ?, ?)
Hibernate: select categoryjp0_.id as id1_0_0_, categoryjp0_.active as active2_0_0_, categoryjp0_.created_at as created_3_0_0_, categoryjp0_.deleted_at as deleted_4_0_0_, categoryjp0_.description as descript5_0_0_, categoryjp0_.name as name6_0_0_, categoryjp0_.updated_at as updated_7_0_0_ from category categoryjp0_ where categoryjp0_.id=?
]]></system-out>
  <system-err><![CDATA[]]></system-err>
</testsuite>
