<?xml version="1.0" encoding="UTF-8"?>
<testsuite name="com.admin.catalogo.infrastructure.MainTest" tests="1" skipped="0" failures="0" errors="0" timestamp="2023-01-17T22:47:48" hostname="pc" time="0.587">
  <properties/>
  <testcase name="testMain()" classname="com.admin.catalogo.infrastructure.MainTest" time="0.587"/>
  <system-out><![CDATA[
  .   ____          _            __ _ _
 /\\ / ___'_ __ _ _(_)_ __  __ _ \ \ \ \
( ( )\___ | '_ | '_| | '_ \/ _` | \ \ \ \
 \\/  ___)| |_)| | | | | || (_| |  ) ) ) )
  '  |____| .__|_| |_|_| |_\__, | / / / /
 =========|_|==============|___/=/_/_/_/
 :: Spring Boot ::                (v2.6.7)

2023-01-17 19:47:48.880  INFO 33911 --- [    Test worker] com.admin.catalogo.infrastructure.Main   : Starting Main using Java 17.0.2 on pc with PID 33911 (started by sm in /home/sm/dev/repositories/admin-catalogo/infrastructure)
2023-01-17 19:47:48.881  INFO 33911 --- [    Test worker] com.admin.catalogo.infrastructure.Main   : The following 1 profile is active: "test"
2023-01-17 19:47:48.982  INFO 33911 --- [    Test worker] .s.d.r.c.RepositoryConfigurationDelegate : Bootstrapping Spring Data JPA repositories in DEFAULT mode.
2023-01-17 19:47:48.988  INFO 33911 --- [    Test worker] .s.d.r.c.RepositoryConfigurationDelegate : Finished Spring Data repository scanning in 5 ms. Found 1 JPA repository interfaces.
2023-01-17 19:47:49.083  WARN 33911 --- [    Test worker] io.undertow.websockets.jsr               : UT026010: Buffer pool was not set on WebSocketDeploymentInfo, the default pool will be used
2023-01-17 19:47:49.095  INFO 33911 --- [    Test worker] io.undertow.servlet                      : Initializing Spring embedded WebApplicationContext
2023-01-17 19:47:49.095  INFO 33911 --- [    Test worker] w.s.c.ServletWebServerApplicationContext : Root WebApplicationContext: initialization completed in 212 ms
2023-01-17 19:47:49.104  INFO 33911 --- [    Test worker] com.zaxxer.hikari.HikariDataSource       : master - Starting...
2023-01-17 19:47:49.105  INFO 33911 --- [    Test worker] com.zaxxer.hikari.HikariDataSource       : master - Start completed.
2023-01-17 19:47:49.106  INFO 33911 --- [    Test worker] o.s.b.a.h2.H2ConsoleAutoConfiguration    : H2 console available at '/h2'. Database available at 'jdbc:h2:mem:adm_videos_test'
2023-01-17 19:47:49.150  INFO 33911 --- [    Test worker] o.f.c.internal.license.VersionPrinter    : Flyway Community Edition 8.0.5 by Redgate
2023-01-17 19:47:49.150  INFO 33911 --- [    Test worker] o.f.c.i.database.base.BaseDatabaseType   : Database: jdbc:h2:mem:adm_videos_test (H2 1.4)
2023-01-17 19:47:49.158  INFO 33911 --- [    Test worker] o.f.core.internal.command.DbValidate     : Successfully validated 1 migration (execution time 00:00.005s)
2023-01-17 19:47:49.168  INFO 33911 --- [    Test worker] o.f.core.internal.command.DbMigrate      : Current version of schema "public": 1
2023-01-17 19:47:49.171  INFO 33911 --- [    Test worker] o.f.core.internal.command.DbMigrate      : Schema "public" is up to date. No migration necessary.
2023-01-17 19:47:49.184  INFO 33911 --- [    Test worker] o.hibernate.jpa.internal.util.LogHelper  : HHH000204: Processing PersistenceUnitInfo [name: default]
2023-01-17 19:47:49.192  INFO 33911 --- [    Test worker] org.hibernate.dialect.Dialect            : HHH000400: Using dialect: org.hibernate.dialect.MySQL5InnoDBDialect
2023-01-17 19:47:49.209  INFO 33911 --- [    Test worker] o.h.e.t.j.p.i.JtaPlatformInitiator       : HHH000490: Using JtaPlatform implementation: [org.hibernate.engine.transaction.jta.platform.internal.NoJtaPlatform]
2023-01-17 19:47:49.210  INFO 33911 --- [    Test worker] j.LocalContainerEntityManagerFactoryBean : Initialized JPA EntityManagerFactory for persistence unit 'default'
2023-01-17 19:47:49.329  INFO 33911 --- [    Test worker] io.undertow                              : starting server: Undertow - 2.2.17.Final
2023-01-17 19:47:49.334  INFO 33911 --- [    Test worker] org.xnio                                 : XNIO version 3.8.6.Final
2023-01-17 19:47:49.339  INFO 33911 --- [    Test worker] org.xnio.nio                             : XNIO NIO Implementation Version 3.8.6.Final
2023-01-17 19:47:49.405  INFO 33911 --- [    Test worker] org.jboss.threads                        : JBoss Threads version 3.1.0.Final
2023-01-17 19:47:49.434  INFO 33911 --- [    Test worker] o.s.b.w.e.undertow.UndertowWebServer     : Undertow started on port(s) 8080 (http)
2023-01-17 19:47:49.438  INFO 33911 --- [    Test worker] com.admin.catalogo.infrastructure.Main   : Started Main in 0.584 seconds (JVM running for 6.533)
]]></system-out>
  <system-err><![CDATA[]]></system-err>
</testsuite>
