<?xml version="1.0" encoding="UTF-8"?>
<testsuite name="com.admin.catalogo.application.category.create.CreateCategoryUseCaseIT" tests="4" skipped="0" failures="0" errors="0" timestamp="2023-01-17T22:47:47" hostname="pc" time="0.219">
  <properties/>
  <testcase name="givenAValidComand_whenCallsCreateCategory_shouldReturnCategoryId()" classname="com.admin.catalogo.application.category.create.CreateCategoryUseCaseIT" time="0.187"/>
  <testcase name="givenAValidComand_whenGatewayTrhowsRandomException_shouldReturnAException()" classname="com.admin.catalogo.application.category.create.CreateCategoryUseCaseIT" time="0.012"/>
  <testcase name="givenAValidComandWithInactiveCategory_whenCallsCreateCategory_shouldReturnInactiveCategoryId()" classname="com.admin.catalogo.application.category.create.CreateCategoryUseCaseIT" time="0.008"/>
  <testcase name="givenAInvalidName_whenCallsCreateCategory_thenShouldReturnDomainException()" classname="com.admin.catalogo.application.category.create.CreateCategoryUseCaseIT" time="0.009"/>
  <system-out><![CDATA[19:47:43.593 [Test worker] DEBUG org.springframework.test.context.BootstrapUtils - Instantiating CacheAwareContextLoaderDelegate from class [org.springframework.test.context.cache.DefaultCacheAwareContextLoaderDelegate]
19:47:43.601 [Test worker] DEBUG org.springframework.test.context.BootstrapUtils - Instantiating BootstrapContext using constructor [public org.springframework.test.context.support.DefaultBootstrapContext(java.lang.Class,org.springframework.test.context.CacheAwareContextLoaderDelegate)]
19:47:43.637 [Test worker] DEBUG org.springframework.test.context.BootstrapUtils - Instantiating TestContextBootstrapper for test class [com.admin.catalogo.application.category.create.CreateCategoryUseCaseIT] from class [org.springframework.boot.test.context.SpringBootTestContextBootstrapper]
19:47:43.647 [Test worker] INFO org.springframework.boot.test.context.SpringBootTestContextBootstrapper - Neither @ContextConfiguration nor @ContextHierarchy found for test class [com.admin.catalogo.application.category.create.CreateCategoryUseCaseIT], using SpringBootContextLoader
19:47:43.650 [Test worker] DEBUG org.springframework.test.context.support.AbstractContextLoader - Did not detect default resource location for test class [com.admin.catalogo.application.category.create.CreateCategoryUseCaseIT]: class path resource [com/admin/catalogo/application/category/create/CreateCategoryUseCaseIT-context.xml] does not exist
19:47:43.650 [Test worker] DEBUG org.springframework.test.context.support.AbstractContextLoader - Did not detect default resource location for test class [com.admin.catalogo.application.category.create.CreateCategoryUseCaseIT]: class path resource [com/admin/catalogo/application/category/create/CreateCategoryUseCaseITContext.groovy] does not exist
19:47:43.650 [Test worker] INFO org.springframework.test.context.support.AbstractContextLoader - Could not detect default resource locations for test class [com.admin.catalogo.application.category.create.CreateCategoryUseCaseIT]: no resource found for suffixes {-context.xml, Context.groovy}.
19:47:43.766 [Test worker] DEBUG org.springframework.boot.test.context.SpringBootTestContextBootstrapper - @TestExecutionListeners is not present for class [com.admin.catalogo.application.category.create.CreateCategoryUseCaseIT]: using defaults.
19:47:43.767 [Test worker] INFO org.springframework.boot.test.context.SpringBootTestContextBootstrapper - Loaded default TestExecutionListener class names from location [META-INF/spring.factories]: [org.springframework.boot.test.autoconfigure.restdocs.RestDocsTestExecutionListener, org.springframework.boot.test.autoconfigure.web.client.MockRestServiceServerResetTestExecutionListener, org.springframework.boot.test.autoconfigure.web.servlet.MockMvcPrintOnlyOnFailureTestExecutionListener, org.springframework.boot.test.autoconfigure.web.servlet.WebDriverTestExecutionListener, org.springframework.boot.test.autoconfigure.webservices.client.MockWebServiceServerTestExecutionListener, org.springframework.boot.test.mock.mockito.MockitoTestExecutionListener, org.springframework.boot.test.mock.mockito.ResetMocksTestExecutionListener, org.springframework.test.context.web.ServletTestExecutionListener, org.springframework.test.context.support.DirtiesContextBeforeModesTestExecutionListener, org.springframework.test.context.event.ApplicationEventsTestExecutionListener, org.springframework.test.context.support.DependencyInjectionTestExecutionListener, org.springframework.test.context.support.DirtiesContextTestExecutionListener, org.springframework.test.context.transaction.TransactionalTestExecutionListener, org.springframework.test.context.jdbc.SqlScriptsTestExecutionListener, org.springframework.test.context.event.EventPublishingTestExecutionListener]
19:47:43.778 [Test worker] INFO org.springframework.boot.test.context.SpringBootTestContextBootstrapper - Using TestExecutionListeners: [org.springframework.test.context.web.ServletTestExecutionListener@33e01298, org.springframework.test.context.support.DirtiesContextBeforeModesTestExecutionListener@31e75d13, org.springframework.test.context.event.ApplicationEventsTestExecutionListener@a5b0b86, org.springframework.boot.test.mock.mockito.MockitoTestExecutionListener@4b3c354a, org.springframework.boot.test.autoconfigure.SpringBootDependencyInjectionTestExecutionListener@78fb9a67, org.springframework.test.context.support.DirtiesContextTestExecutionListener@73ff4fae, org.springframework.test.context.transaction.TransactionalTestExecutionListener@21aa6d6c, org.springframework.test.context.jdbc.SqlScriptsTestExecutionListener@b968a76, org.springframework.test.context.event.EventPublishingTestExecutionListener@2f9a01c1, org.springframework.boot.test.autoconfigure.restdocs.RestDocsTestExecutionListener@2611b9a3, org.springframework.boot.test.autoconfigure.web.client.MockRestServiceServerResetTestExecutionListener@54227100, org.springframework.boot.test.autoconfigure.web.servlet.MockMvcPrintOnlyOnFailureTestExecutionListener@6b5894c8, org.springframework.boot.test.autoconfigure.web.servlet.WebDriverTestExecutionListener@1433046b, org.springframework.boot.test.autoconfigure.webservices.client.MockWebServiceServerTestExecutionListener@3f446bef, org.springframework.boot.test.mock.mockito.ResetMocksTestExecutionListener@7829b776]
19:47:43.782 [Test worker] DEBUG org.springframework.test.context.support.AbstractDirtiesContextTestExecutionListener - Before test class: context [DefaultTestContext@74cadd41 testClass = CreateCategoryUseCaseIT, testInstance = [null], testMethod = [null], testException = [null], mergedContextConfiguration = [WebMergedContextConfiguration@2e54db99 testClass = CreateCategoryUseCaseIT, locations = '{}', classes = '{class com.admin.catalogo.infrastructure.configuration.WebServerConfig}', contextInitializerClasses = '[]', activeProfiles = '{test}', propertySourceLocations = '{}', propertySourceProperties = '{org.springframework.boot.test.context.SpringBootTestContextBootstrapper=true}', contextCustomizers = set[org.springframework.boot.test.autoconfigure.actuate.metrics.MetricsExportContextCustomizerFactory$DisableMetricExportContextCustomizer@5dcd8c7a, org.springframework.boot.test.autoconfigure.properties.PropertyMappingContextCustomizer@0, org.springframework.boot.test.autoconfigure.web.servlet.WebDriverContextCustomizerFactory$Customizer@e54303, org.springframework.boot.test.context.filter.ExcludeFilterContextCustomizer@2f40e5db, org.springframework.boot.test.json.DuplicateJsonObjectContextCustomizerFactory$DuplicateJsonObjectContextCustomizer@530712d, org.springframework.boot.test.mock.mockito.MockitoContextCustomizer@7c93925a, org.springframework.boot.test.web.client.TestRestTemplateContextCustomizer@25bfcafd, org.springframework.boot.test.context.SpringBootTestArgs@1, org.springframework.boot.test.context.SpringBootTestWebEnvironment@fd07cbb], resourceBasePath = 'src/main/webapp', contextLoader = 'org.springframework.boot.test.context.SpringBootContextLoader', parent = [null]], attributes = map['org.springframework.test.context.web.ServletTestExecutionListener.activateListener' -> true]], class annotated with @DirtiesContext [false] with mode [null].

  .   ____          _            __ _ _
 /\\ / ___'_ __ _ _(_)_ __  __ _ \ \ \ \
( ( )\___ | '_ | '_| | '_ \/ _` | \ \ \ \
 \\/  ___)| |_)| | | | | || (_| |  ) ) ) )
  '  |____| .__|_| |_|_| |_\__, | / / / /
 =========|_|==============|___/=/_/_/_/
 :: Spring Boot ::                (v2.6.7)

2023-01-17 19:47:44.082  INFO 33911 --- [    Test worker] c.a.c.a.c.c.CreateCategoryUseCaseIT      : Starting CreateCategoryUseCaseIT using Java 17.0.2 on pc with PID 33911 (started by sm in /home/sm/dev/repositories/admin-catalogo/infrastructure)
2023-01-17 19:47:44.084  INFO 33911 --- [    Test worker] c.a.c.a.c.c.CreateCategoryUseCaseIT      : The following 1 profile is active: "test"
2023-01-17 19:47:44.664  INFO 33911 --- [    Test worker] .s.d.r.c.RepositoryConfigurationDelegate : Bootstrapping Spring Data JPA repositories in DEFAULT mode.
2023-01-17 19:47:44.706  INFO 33911 --- [    Test worker] .s.d.r.c.RepositoryConfigurationDelegate : Finished Spring Data repository scanning in 35 ms. Found 1 JPA repository interfaces.
2023-01-17 19:47:45.164  INFO 33911 --- [    Test worker] com.zaxxer.hikari.HikariDataSource       : master - Starting...
2023-01-17 19:47:45.307  INFO 33911 --- [    Test worker] com.zaxxer.hikari.HikariDataSource       : master - Start completed.
2023-01-17 19:47:45.320  INFO 33911 --- [    Test worker] o.f.c.internal.license.VersionPrinter    : Flyway Community Edition 8.0.5 by Redgate
2023-01-17 19:47:45.320  INFO 33911 --- [    Test worker] o.f.c.i.database.base.BaseDatabaseType   : Database: jdbc:h2:mem:adm_videos_test (H2 1.4)
2023-01-17 19:47:45.380  INFO 33911 --- [    Test worker] o.f.core.internal.command.DbValidate     : Successfully validated 1 migration (execution time 00:00.020s)
2023-01-17 19:47:45.400  INFO 33911 --- [    Test worker] o.f.c.i.s.JdbcTableSchemaHistory         : Creating Schema History table "public"."flyway_schema_history" ...
2023-01-17 19:47:45.455  INFO 33911 --- [    Test worker] o.f.core.internal.command.DbMigrate      : Current version of schema "public": << Empty Schema >>
2023-01-17 19:47:45.462  INFO 33911 --- [    Test worker] o.f.core.internal.command.DbMigrate      : Migrating schema "public" to version "1 - Initial"
2023-01-17 19:47:45.489  INFO 33911 --- [    Test worker] o.f.core.internal.command.DbMigrate      : Successfully applied 1 migration to schema "public", now at version v1 (execution time 00:00.043s)
2023-01-17 19:47:45.630  INFO 33911 --- [    Test worker] o.hibernate.jpa.internal.util.LogHelper  : HHH000204: Processing PersistenceUnitInfo [name: default]
2023-01-17 19:47:45.667  INFO 33911 --- [    Test worker] org.hibernate.Version                    : HHH000412: Hibernate ORM core version 5.6.8.Final
2023-01-17 19:47:45.795  INFO 33911 --- [    Test worker] o.hibernate.annotations.common.Version   : HCANN000001: Hibernate Commons Annotations {5.1.2.Final}
2023-01-17 19:47:45.876  INFO 33911 --- [    Test worker] org.hibernate.dialect.Dialect            : HHH000400: Using dialect: org.hibernate.dialect.MySQL5InnoDBDialect
2023-01-17 19:47:46.239  INFO 33911 --- [    Test worker] o.h.e.t.j.p.i.JtaPlatformInitiator       : HHH000490: Using JtaPlatform implementation: [org.hibernate.engine.transaction.jta.platform.internal.NoJtaPlatform]
2023-01-17 19:47:46.245  INFO 33911 --- [    Test worker] j.LocalContainerEntityManagerFactoryBean : Initialized JPA EntityManagerFactory for persistence unit 'default'
2023-01-17 19:47:47.130  INFO 33911 --- [    Test worker] o.s.b.a.h2.H2ConsoleAutoConfiguration    : H2 console available at '/h2'. Database available at 'jdbc:h2:mem:adm_videos_test'
2023-01-17 19:47:47.393  INFO 33911 --- [    Test worker] c.a.c.a.c.c.CreateCategoryUseCaseIT      : Started CreateCategoryUseCaseIT in 3.577 seconds (JVM running for 4.489)
Hibernate: select categoryjp0_.id as id1_0_, categoryjp0_.active as active2_0_, categoryjp0_.created_at as created_3_0_, categoryjp0_.deleted_at as deleted_4_0_, categoryjp0_.description as descript5_0_, categoryjp0_.name as name6_0_, categoryjp0_.updated_at as updated_7_0_ from category categoryjp0_
Hibernate: select count(*) as col_0_0_ from category categoryjp0_
Hibernate: select categoryjp0_.id as id1_0_0_, categoryjp0_.active as active2_0_0_, categoryjp0_.created_at as created_3_0_0_, categoryjp0_.deleted_at as deleted_4_0_0_, categoryjp0_.description as descript5_0_0_, categoryjp0_.name as name6_0_0_, categoryjp0_.updated_at as updated_7_0_0_ from category categoryjp0_ where categoryjp0_.id=?
Hibernate: insert into category (active, created_at, deleted_at, description, name, updated_at, id) values (?, ?, ?, ?, ?, ?, ?)
Hibernate: select count(*) as col_0_0_ from category categoryjp0_
Hibernate: select categoryjp0_.id as id1_0_0_, categoryjp0_.active as active2_0_0_, categoryjp0_.created_at as created_3_0_0_, categoryjp0_.deleted_at as deleted_4_0_0_, categoryjp0_.description as descript5_0_0_, categoryjp0_.name as name6_0_0_, categoryjp0_.updated_at as updated_7_0_0_ from category categoryjp0_ where categoryjp0_.id=?
Hibernate: select categoryjp0_.id as id1_0_, categoryjp0_.active as active2_0_, categoryjp0_.created_at as created_3_0_, categoryjp0_.deleted_at as deleted_4_0_, categoryjp0_.description as descript5_0_, categoryjp0_.name as name6_0_, categoryjp0_.updated_at as updated_7_0_ from category categoryjp0_
Hibernate: delete from category where id=?
Hibernate: select categoryjp0_.id as id1_0_, categoryjp0_.active as active2_0_, categoryjp0_.created_at as created_3_0_, categoryjp0_.deleted_at as deleted_4_0_, categoryjp0_.description as descript5_0_, categoryjp0_.name as name6_0_, categoryjp0_.updated_at as updated_7_0_ from category categoryjp0_
Hibernate: select count(*) as col_0_0_ from category categoryjp0_
Hibernate: select categoryjp0_.id as id1_0_0_, categoryjp0_.active as active2_0_0_, categoryjp0_.created_at as created_3_0_0_, categoryjp0_.deleted_at as deleted_4_0_0_, categoryjp0_.description as descript5_0_0_, categoryjp0_.name as name6_0_0_, categoryjp0_.updated_at as updated_7_0_0_ from category categoryjp0_ where categoryjp0_.id=?
Hibernate: insert into category (active, created_at, deleted_at, description, name, updated_at, id) values (?, ?, ?, ?, ?, ?, ?)
Hibernate: select count(*) as col_0_0_ from category categoryjp0_
Hibernate: select categoryjp0_.id as id1_0_0_, categoryjp0_.active as active2_0_0_, categoryjp0_.created_at as created_3_0_0_, categoryjp0_.deleted_at as deleted_4_0_0_, categoryjp0_.description as descript5_0_0_, categoryjp0_.name as name6_0_0_, categoryjp0_.updated_at as updated_7_0_0_ from category categoryjp0_ where categoryjp0_.id=?
Hibernate: select categoryjp0_.id as id1_0_, categoryjp0_.active as active2_0_, categoryjp0_.created_at as created_3_0_, categoryjp0_.deleted_at as deleted_4_0_, categoryjp0_.description as descript5_0_, categoryjp0_.name as name6_0_, categoryjp0_.updated_at as updated_7_0_ from category categoryjp0_
Hibernate: delete from category where id=?
Hibernate: select count(*) as col_0_0_ from category categoryjp0_
Hibernate: select count(*) as col_0_0_ from category categoryjp0_
]]></system-out>
  <system-err><![CDATA[]]></system-err>
</testsuite>
