<?xml version="1.0" encoding="UTF-8"?>
<testsuite name="com.admin.catalogo.application.category.delete.DeleteCategoryUseCaseIT" tests="3" skipped="0" failures="0" errors="0" timestamp="2023-01-17T22:47:47" hostname="pc" time="0.035">
  <properties/>
  <testcase name="givenAValidId_whenCallsDeleteCategory_shouldBeOK()" classname="com.admin.catalogo.application.category.delete.DeleteCategoryUseCaseIT" time="0.018"/>
  <testcase name="givenAnInvalidId_whenCallsDeleteCategory_shouldBeOK()" classname="com.admin.catalogo.application.category.delete.DeleteCategoryUseCaseIT" time="0.008"/>
  <testcase name="givenAValidId_whenGatewayThrowsException_shouldReturnException()" classname="com.admin.catalogo.application.category.delete.DeleteCategoryUseCaseIT" time="0.007"/>
  <system-out><![CDATA[2023-01-17 19:47:47.632  INFO 33911 --- [    Test worker] .b.t.c.SpringBootTestContextBootstrapper : Neither @ContextConfiguration nor @ContextHierarchy found for test class [com.admin.catalogo.application.category.delete.DeleteCategoryUseCaseIT], using SpringBootContextLoader
2023-01-17 19:47:47.633  INFO 33911 --- [    Test worker] o.s.t.c.support.AbstractContextLoader    : Could not detect default resource locations for test class [com.admin.catalogo.application.category.delete.DeleteCategoryUseCaseIT]: no resource found for suffixes {-context.xml, Context.groovy}.
2023-01-17 19:47:47.635  INFO 33911 --- [    Test worker] .b.t.c.SpringBootTestContextBootstrapper : Loaded default TestExecutionListener class names from location [META-INF/spring.factories]: [org.springframework.boot.test.autoconfigure.restdocs.RestDocsTestExecutionListener, org.springframework.boot.test.autoconfigure.web.client.MockRestServiceServerResetTestExecutionListener, org.springframework.boot.test.autoconfigure.web.servlet.MockMvcPrintOnlyOnFailureTestExecutionListener, org.springframework.boot.test.autoconfigure.web.servlet.WebDriverTestExecutionListener, org.springframework.boot.test.autoconfigure.webservices.client.MockWebServiceServerTestExecutionListener, org.springframework.boot.test.mock.mockito.MockitoTestExecutionListener, org.springframework.boot.test.mock.mockito.ResetMocksTestExecutionListener, org.springframework.test.context.web.ServletTestExecutionListener, org.springframework.test.context.support.DirtiesContextBeforeModesTestExecutionListener, org.springframework.test.context.event.ApplicationEventsTestExecutionListener, org.springframework.test.context.support.DependencyInjectionTestExecutionListener, org.springframework.test.context.support.DirtiesContextTestExecutionListener, org.springframework.test.context.transaction.TransactionalTestExecutionListener, org.springframework.test.context.jdbc.SqlScriptsTestExecutionListener, org.springframework.test.context.event.EventPublishingTestExecutionListener]
2023-01-17 19:47:47.635  INFO 33911 --- [    Test worker] .b.t.c.SpringBootTestContextBootstrapper : Using TestExecutionListeners: [org.springframework.test.context.web.ServletTestExecutionListener@35d4fecf, org.springframework.test.context.support.DirtiesContextBeforeModesTestExecutionListener@22195d06, org.springframework.test.context.event.ApplicationEventsTestExecutionListener@1f591b2e, org.springframework.boot.test.mock.mockito.MockitoTestExecutionListener@1e205025, org.springframework.boot.test.autoconfigure.SpringBootDependencyInjectionTestExecutionListener@c10f7a8, org.springframework.test.context.support.DirtiesContextTestExecutionListener@64096a41, org.springframework.test.context.transaction.TransactionalTestExecutionListener@33de9d85, org.springframework.test.context.jdbc.SqlScriptsTestExecutionListener@2f6352a3, org.springframework.test.context.event.EventPublishingTestExecutionListener@24455d50, org.springframework.boot.test.autoconfigure.restdocs.RestDocsTestExecutionListener@bb160fb, org.springframework.boot.test.autoconfigure.web.client.MockRestServiceServerResetTestExecutionListener@4cc4f6bd, org.springframework.boot.test.autoconfigure.web.servlet.MockMvcPrintOnlyOnFailureTestExecutionListener@798753cc, org.springframework.boot.test.autoconfigure.web.servlet.WebDriverTestExecutionListener@77262e71, org.springframework.boot.test.autoconfigure.webservices.client.MockWebServiceServerTestExecutionListener@77902ed6, org.springframework.boot.test.mock.mockito.ResetMocksTestExecutionListener@1c0a4f87]
Hibernate: select categoryjp0_.id as id1_0_, categoryjp0_.active as active2_0_, categoryjp0_.created_at as created_3_0_, categoryjp0_.deleted_at as deleted_4_0_, categoryjp0_.description as descript5_0_, categoryjp0_.name as name6_0_, categoryjp0_.updated_at as updated_7_0_ from category categoryjp0_
Hibernate: select categoryjp0_.id as id1_0_0_, categoryjp0_.active as active2_0_0_, categoryjp0_.created_at as created_3_0_0_, categoryjp0_.deleted_at as deleted_4_0_0_, categoryjp0_.description as descript5_0_0_, categoryjp0_.name as name6_0_0_, categoryjp0_.updated_at as updated_7_0_0_ from category categoryjp0_ where categoryjp0_.id=?
Hibernate: insert into category (active, created_at, deleted_at, description, name, updated_at, id) values (?, ?, ?, ?, ?, ?, ?)
Hibernate: select count(*) as col_0_0_ from category categoryjp0_
Hibernate: select count(*) as col_0_0_ from category categoryjp0_ where categoryjp0_.id=?
Hibernate: select categoryjp0_.id as id1_0_0_, categoryjp0_.active as active2_0_0_, categoryjp0_.created_at as created_3_0_0_, categoryjp0_.deleted_at as deleted_4_0_0_, categoryjp0_.description as descript5_0_0_, categoryjp0_.name as name6_0_0_, categoryjp0_.updated_at as updated_7_0_0_ from category categoryjp0_ where categoryjp0_.id=?
Hibernate: delete from category where id=?
Hibernate: select count(*) as col_0_0_ from category categoryjp0_
Hibernate: select categoryjp0_.id as id1_0_, categoryjp0_.active as active2_0_, categoryjp0_.created_at as created_3_0_, categoryjp0_.deleted_at as deleted_4_0_, categoryjp0_.description as descript5_0_, categoryjp0_.name as name6_0_, categoryjp0_.updated_at as updated_7_0_ from category categoryjp0_
Hibernate: select count(*) as col_0_0_ from category categoryjp0_
Hibernate: select count(*) as col_0_0_ from category categoryjp0_ where categoryjp0_.id=?
Hibernate: select count(*) as col_0_0_ from category categoryjp0_
Hibernate: select categoryjp0_.id as id1_0_, categoryjp0_.active as active2_0_, categoryjp0_.created_at as created_3_0_, categoryjp0_.deleted_at as deleted_4_0_, categoryjp0_.description as descript5_0_, categoryjp0_.name as name6_0_, categoryjp0_.updated_at as updated_7_0_ from category categoryjp0_
]]></system-out>
  <system-err><![CDATA[]]></system-err>
</testsuite>
