<?xml version="1.0" encoding="UTF-8"?>
<testsuite name="com.admin.catalogo.application.category.retrieve.GetCategoryByIdUseCaseIT" tests="3" skipped="0" failures="0" errors="0" timestamp="2023-01-17T22:15:01" hostname="pc" time="0.039">
  <properties/>
  <testcase name="givenAValidId_whenCallsDeleteCategory_shouldReturnNotFound()" classname="com.admin.catalogo.application.category.retrieve.GetCategoryByIdUseCaseIT" time="0.006"/>
  <testcase name="givenAValidId_whenCallsDeleteCategory_shouldBeOK()" classname="com.admin.catalogo.application.category.retrieve.GetCategoryByIdUseCaseIT" time="0.024"/>
  <testcase name="givenAValidId_whenTheGatewayThrowsException_shouldReturnException()" classname="com.admin.catalogo.application.category.retrieve.GetCategoryByIdUseCaseIT" time="0.006"/>
  <system-out><![CDATA[2023-01-17 19:15:01.040  INFO 28453 --- [    Test worker] .b.t.c.SpringBootTestContextBootstrapper : Neither @ContextConfiguration nor @ContextHierarchy found for test class [com.admin.catalogo.application.category.retrieve.GetCategoryByIdUseCaseIT], using SpringBootContextLoader
2023-01-17 19:15:01.040  INFO 28453 --- [    Test worker] o.s.t.c.support.AbstractContextLoader    : Could not detect default resource locations for test class [com.admin.catalogo.application.category.retrieve.GetCategoryByIdUseCaseIT]: no resource found for suffixes {-context.xml, Context.groovy}.
2023-01-17 19:15:01.043  INFO 28453 --- [    Test worker] .b.t.c.SpringBootTestContextBootstrapper : Loaded default TestExecutionListener class names from location [META-INF/spring.factories]: [org.springframework.boot.test.autoconfigure.restdocs.RestDocsTestExecutionListener, org.springframework.boot.test.autoconfigure.web.client.MockRestServiceServerResetTestExecutionListener, org.springframework.boot.test.autoconfigure.web.servlet.MockMvcPrintOnlyOnFailureTestExecutionListener, org.springframework.boot.test.autoconfigure.web.servlet.WebDriverTestExecutionListener, org.springframework.boot.test.autoconfigure.webservices.client.MockWebServiceServerTestExecutionListener, org.springframework.boot.test.mock.mockito.MockitoTestExecutionListener, org.springframework.boot.test.mock.mockito.ResetMocksTestExecutionListener, org.springframework.test.context.web.ServletTestExecutionListener, org.springframework.test.context.support.DirtiesContextBeforeModesTestExecutionListener, org.springframework.test.context.event.ApplicationEventsTestExecutionListener, org.springframework.test.context.support.DependencyInjectionTestExecutionListener, org.springframework.test.context.support.DirtiesContextTestExecutionListener, org.springframework.test.context.transaction.TransactionalTestExecutionListener, org.springframework.test.context.jdbc.SqlScriptsTestExecutionListener, org.springframework.test.context.event.EventPublishingTestExecutionListener]
2023-01-17 19:15:01.043  INFO 28453 --- [    Test worker] .b.t.c.SpringBootTestContextBootstrapper : Using TestExecutionListeners: [org.springframework.test.context.web.ServletTestExecutionListener@129b0ed, org.springframework.test.context.support.DirtiesContextBeforeModesTestExecutionListener@4ccf1d3e, org.springframework.test.context.event.ApplicationEventsTestExecutionListener@75ff2b6d, org.springframework.boot.test.mock.mockito.MockitoTestExecutionListener@20a7ce0, org.springframework.boot.test.autoconfigure.SpringBootDependencyInjectionTestExecutionListener@4ee80a94, org.springframework.test.context.support.DirtiesContextTestExecutionListener@7afac89a, org.springframework.test.context.transaction.TransactionalTestExecutionListener@76d220eb, org.springframework.test.context.jdbc.SqlScriptsTestExecutionListener@276eafad, org.springframework.test.context.event.EventPublishingTestExecutionListener@29dcad7e, org.springframework.boot.test.autoconfigure.restdocs.RestDocsTestExecutionListener@5ce1ec7, org.springframework.boot.test.autoconfigure.web.client.MockRestServiceServerResetTestExecutionListener@627cb3ed, org.springframework.boot.test.autoconfigure.web.servlet.MockMvcPrintOnlyOnFailureTestExecutionListener@30bd6bc8, org.springframework.boot.test.autoconfigure.web.servlet.WebDriverTestExecutionListener@7c4697fc, org.springframework.boot.test.autoconfigure.webservices.client.MockWebServiceServerTestExecutionListener@90b9695, org.springframework.boot.test.mock.mockito.ResetMocksTestExecutionListener@e6fbf82]
Hibernate: select categoryjp0_.id as id1_0_, categoryjp0_.active as active2_0_, categoryjp0_.created_at as created_3_0_, categoryjp0_.deleted_at as deleted_4_0_, categoryjp0_.description as descript5_0_, categoryjp0_.name as name6_0_, categoryjp0_.updated_at as updated_7_0_ from category categoryjp0_
Hibernate: select categoryjp0_.id as id1_0_0_, categoryjp0_.active as active2_0_0_, categoryjp0_.created_at as created_3_0_0_, categoryjp0_.deleted_at as deleted_4_0_0_, categoryjp0_.description as descript5_0_0_, categoryjp0_.name as name6_0_0_, categoryjp0_.updated_at as updated_7_0_0_ from category categoryjp0_ where categoryjp0_.id=?
Hibernate: select categoryjp0_.id as id1_0_, categoryjp0_.active as active2_0_, categoryjp0_.created_at as created_3_0_, categoryjp0_.deleted_at as deleted_4_0_, categoryjp0_.description as descript5_0_, categoryjp0_.name as name6_0_, categoryjp0_.updated_at as updated_7_0_ from category categoryjp0_
Hibernate: select categoryjp0_.id as id1_0_0_, categoryjp0_.active as active2_0_0_, categoryjp0_.created_at as created_3_0_0_, categoryjp0_.deleted_at as deleted_4_0_0_, categoryjp0_.description as descript5_0_0_, categoryjp0_.name as name6_0_0_, categoryjp0_.updated_at as updated_7_0_0_ from category categoryjp0_ where categoryjp0_.id=?
Hibernate: insert into category (active, created_at, deleted_at, description, name, updated_at, id) values (?, ?, ?, ?, ?, ?, ?)
Hibernate: select categoryjp0_.id as id1_0_0_, categoryjp0_.active as active2_0_0_, categoryjp0_.created_at as created_3_0_0_, categoryjp0_.deleted_at as deleted_4_0_0_, categoryjp0_.description as descript5_0_0_, categoryjp0_.name as name6_0_0_, categoryjp0_.updated_at as updated_7_0_0_ from category categoryjp0_ where categoryjp0_.id=?
Hibernate: select categoryjp0_.id as id1_0_, categoryjp0_.active as active2_0_, categoryjp0_.created_at as created_3_0_, categoryjp0_.deleted_at as deleted_4_0_, categoryjp0_.description as descript5_0_, categoryjp0_.name as name6_0_, categoryjp0_.updated_at as updated_7_0_ from category categoryjp0_
Hibernate: delete from category where id=?
]]></system-out>
  <system-err><![CDATA[]]></system-err>
</testsuite>
